[themarcus.com/index.html]
[backblue.gif]
[fade.gif]
[index.html]
[images.squarespace-cdn.com/content/5e8f5d9bae8f137fbc83492a/1614892725051-BK1H4MXDNUJ306VVIET1/share2acd.png]
[assets.squarespace.com/@sqs/polyfiller/1.2.2/legacy.js]
[assets.squarespace.com/universal/scripts-compressed/extract-css-runtime-3a49d64b287a02102ec6c-min.en-US.js]
[assets.squarespace.com/@sqs/polyfiller/1.2.2/modern.js]
[assets.squarespace.com/universal/scripts-compressed/cldr-resource-pack-83b0e6eb9a2c7557ad4c0-min.en-US.js]
[assets.squarespace.com/universal/scripts-compressed/common-vendors-stable-9b2a74c45b27271fd111d-min.en-US.js]
[assets.squarespace.com/universal/scripts-compressed/extract-css-moment-js-vendor-98bddc81dc37f44faa7b2-min.en-US.js]
[assets.squarespace.com/universal/scripts-compressed/performance-7532c45b5785b33eab5ea-min.en-US.js]
[static1.squarespace.com/static/sitecss/5e8f5d9bae8f137fbc83492a/40/5e8f5dc001e1e4727920d9c5/5e8f5dc701e1e4727920daed/2012/site.css]
[themarcus.com/cart.html]
[themarcus.com/take-action.d.delayed]
[themarcus.com/portfolio/mc-w.html]
[themarcus.com/portfolio/matthews.html]
[themarcus.com/portfolio/amoeba.html]
[assets.squarespace.com/universal/scripts-compressed/common-vendors-1ee6d06736c48fc450ed0-min.en-US.js]
[themarcus.com/portfolio/damian-lillard.html]
[themarcus.com/portfolio/balletbc.html]
[themarcus.com/portfolio/keanu-reeves.html]
[themarcus.com/portfolio/beats-by-dr-dre.html]
[themarcus.com/portfolio/breanna-stewart.html]
[themarcus.com/portfolio/colin-kaepernick.html]
[themarcus.com/portfolio/gilbert-and-claire.html]
[themarcus.com/portfolio/bet-mgm.html]
[themarcus.com/portfolio/baby-yors.html]
[assets.squarespace.com/universal/scripts-compressed/common-9ec21d4227029e53988ef-min.en-US.js]
[themarcus.com/portfolio/leisure-center.html]
[themarcus.com/portfolio/michael-jordan.html]
[themarcus.com/portfolio/kenya-and-carmel.html]
[themarcus.com/portfolio/catrina-simone.html]
[themarcus.com/portfolio/rory.html]
[themarcus.com/portfolio/kyle-and-demar.html]
[themarcus.com/portfolio/clermont-twins.html]
[themarcus.com/portfolio/evander-kane.html]
[themarcus.com/portfolio/ck.html]
[themarcus.com/portfolio/mens-health.html]
[themarcus.com/portfolio/serena-williams.html]
[themarcus.com/portfolio/nike-fiba.html]
[themarcus.com/portfolio/team-rize.html]
[themarcus.com/portfolio/nike-training-kit.html]
[themarcus.com/portfolio/emma-coburn.html]
[themarcus.com/portfolio/jake-arrieta.html]
[themarcus.com/portfolio/corey-seager.html]
[themarcus.com/portfolio/demar-derozan.html]
[themarcus.com/portfolio/kayla-kyle-moffat.html]
[themarcus.com/portfolio/sang-jeong-lee.html]
[themarcus.com/portfolio/oculus-quest.html]
[themarcus.com/portfolio/dwyane-wade.html]
[themarcus.com/portfolio/arch-motorcycle.html]
[themarcus.com/portfolio/nike-training.html]
[themarcus.com/portfolio/carmelo-anthony.html]
[themarcus.com/portfolio/aaron-judge.html]
[themarcus.com/portfolio/mike-trout.html]
[themarcus.com/portfolio/lebron-james.html]
[images.squarespace-cdn.com/content/v1/5e8f5d9bae8f137fbc83492a/1659206777030-5B8QJVMH4GMQD3OI58AK/MCW0100539f6a.jpg]
[images.squarespace-cdn.com/content/v1/5e8f5d9bae8f137fbc83492a/1659226505041-POYVT5O869YD8QFUCIPX/ESPN_AustonMatthews_03429f6a.jpg]
[images.squarespace-cdn.com/content/v1/5e8f5d9bae8f137fbc83492a/1614399843910-YXPKJ91064UJL04O8V8X/181219_ME_Bounce_01_0202_A9f6a.jpg]
[images.squarespace-cdn.com/content/v1/5e8f5d9bae8f137fbc83492a/1613284041212-M4YXQRBNHYNEUM4VU1Q6/Lillard_ESPN_Shot_03_2767-1_0029f6a.jpg]
[images.squarespace-cdn.com/content/v1/5e8f5d9bae8f137fbc83492a/1660467515529-JWIYRFBTDUK1A92Y69Z7/BBC_ME_5867_Cropped9f6a.jpg]
[images.squarespace-cdn.com/content/v1/5e8f5d9bae8f137fbc83492a/1614125031350-VNOWD3IWAG750GUI1GZO/20171207_SS_04_1520+(2)9f6a.jpg]
[images.squarespace-cdn.com/content/v1/5e8f5d9bae8f137fbc83492a/1590263455360-K0OHL97TI1QU6CXZ055W/BeatsByDre_TEAM9f6a.jpg]
[images.squarespace-cdn.com/content/v1/5e8f5d9bae8f137fbc83492a/1613237864525-FRZ3WOPQVR4GOIHC5YIO/20180427_ME_ESPN_BreannaStewart_03_03689f6a.jpg]
[images.squarespace-cdn.com/content/v1/5e8f5d9bae8f137fbc83492a/1613287610443-HVS33M6AJQSZ0PCLWS68/2014_ME_Kaepernick_2888-19f6a.jpg]
[images.squarespace-cdn.com/content/v1/5e8f5d9bae8f137fbc83492a/1613265938904-E728WJRNHGMRQ8Z92IYH/GILBERT_BW9f6a.jpg]
[images.squarespace-cdn.com/content/v1/5e8f5d9bae8f137fbc83492a/1614585690585-UU8I5OEUFV7SY4OM0IYE/MGM_BET_Basketball_0708-r29f6a.jpg]
[images.squarespace-cdn.com/content/v1/5e8f5d9bae8f137fbc83492a/1614490620530-06LHUQQN1POLB6E8B201/181117_ME_BabyYors_3403-19f6a.jpg]
[images.squarespace-cdn.com/content/v1/5e8f5d9bae8f137fbc83492a/1614399495950-RDS00UKW3BDHDNAIHAN7/5550R39f6a.jpg]
[images.squarespace-cdn.com/content/v1/5e8f5d9bae8f137fbc83492a/1590267328817-X68ODMSD9H38MSGL3ZT4/Leisure_Center_Shot+3_06149f6a.jpg]
[images.squarespace-cdn.com/content/v1/5e8f5d9bae8f137fbc83492a/1660380630480-46SEWDXKBRSCIJG45X0P/0163-4-dk-bw+6+Edited9f6a.jpg]
[themarcus.com/index.html]
[static1.squarespace.com/static/ta/5e8f5d9bae8f137fbc83492a/2012/scripts/site-bundle.js]
[assets.squarespace.com/universal/images-v6/damask/error-dark.png]
[assets.squarespace.com/universal/images-v6/damask/error-dark@2x.png]
[assets.squarespace.com/universal/images-v6/damask/play-button.png]
[assets.squarespace.com/universal/images-v6/damask/play-button@2x.png]
[assets.squarespace.com/universal/images-v6/damask/edit-aviary-light.png]
[assets.squarespace.com/universal/images-v6/damask/edit-aviary-light@2x.png]
[assets.squarespace.com/universal/images-v6/damask/edit-info-light.png]
[assets.squarespace.com/universal/images-v6/damask/edit-info-light@2x.png]
[assets.squarespace.com/universal/images-v6/damask/trash-9-light.png]
[assets.squarespace.com/universal/images-v6/damask/trash-9-light@2x.png]
[assets.squarespace.com/universal/images-v6/damask/trash-9-red.png]
[assets.squarespace.com/universal/images-v6/damask/trash-9-red@2x.png]
[assets.squarespace.com/universal/images-v6/damask/getty-16-light.png]
[assets.squarespace.com/universal/images-v6/damask/getty-32-light.png]
[assets.squarespace.com/universal/images-v6/damask/shopping-cart-16-light.png]
[assets.squarespace.com/universal/images-v6/damask/shopping-cart-32-light.png]
[static1.squarespace.com/universal/images-v6/icons/block-indicator-dark.png]
[static1.squarespace.com/universal/images-v6/icons/block-indicator-dark@2x.png]
[static1.squarespace.com/universal/images-v6/icons/opentable-icons.png]
[static1.squarespace.com/universal/images-v6/icons/icon-searchqueries-20-dark.png]
[static1.squarespace.com/universal/images-v6/icons/icon-searchqueries-20-light.png]
[assets.squarespace.com/universal/images-v6/icons/icon-video-24-light-solid.png]
[static1.squarespace.com/universal/images-v6/damask/image-inside-64-dark.png]
[static1.squarespace.com/universal/images-v6/damask/image-inside-128-dark.png]
[assets.squarespace.com/universal/images-v6/standard/icon_close_7_light.png]
[assets.squarespace.com/universal/images-v6/icons/icon-settings-16-light.png]
[static1.squarespace.com/static/sitecss/5e8f5d9bae8f137fbc83492a/40/5e8f5dc001e1e4727920d9c5/5e8f5dc701e1e4727920daed/2012/site.css]
[themarcus.com/cart.html]
[themarcus.com/take-action.html]
[images.squarespace-cdn.com/content/5e8f5d9bae8f137fbc83492a/1659206777030-5B8QJVMH4GMQD3OI58AK/MCW01005343a3.jpg]
[images.squarespace-cdn.com/content/v1/5e8f5d9bae8f137fbc83492a/6e9cecdc-40f4-477d-99e6-9ebbac428457/5H2A1923-1_19f6a.jpg]
[images.squarespace-cdn.com/content/v1/5e8f5d9bae8f137fbc83492a/bc94aaba-7d16-4c93-aa93-eea22c91ae7b/5H2A0652-02_19f6a.jpg]
[images.squarespace-cdn.com/content/v1/5e8f5d9bae8f137fbc83492a/74bcec55-2b73-45ef-a813-ab4c5e0c8be7/MCW0207569f6a.jpg]
[images.squarespace-cdn.com/content/v1/5e8f5d9bae8f137fbc83492a/86596bc7-d301-4794-958e-02b9b45490a3/MCW0103039f6a.jpg]
[images.squarespace-cdn.com/content/v1/5e8f5d9bae8f137fbc83492a/b3889e2c-58ad-47a3-9758-fc796807d19b/ZORRO_MCW_Shot_04_24689f6a.jpg]
[images.squarespace-cdn.com/content/v1/5e8f5d9bae8f137fbc83492a/90e02038-a15c-43ae-acc9-92864fd4db0f/ZORRO_MCW_Shot_04_23499f6a.jpg]
[images.squarespace-cdn.com/content/v1/5e8f5d9bae8f137fbc83492a/873e99d9-869d-4555-b0b6-75098767f3ee/ZORRO_MCW_Shot_09_53649f6a.jpg]
[images.squarespace-cdn.com/content/v1/5e8f5d9bae8f137fbc83492a/c69f983e-0b8d-4119-8d8b-9a255f3979bd/Fencing_MW_Shot_05_2704-19f6a.jpg]
[images.squarespace-cdn.com/content/v1/5e8f5d9bae8f137fbc83492a/7de4b9de-fb9e-4c93-affe-811a37d4f8aa/MCW5H2A20539f6a.jpg]
[images.squarespace-cdn.com/content/v1/5e8f5d9bae8f137fbc83492a/44bb2eb5-c991-498c-9bd4-713f8918c54d/MCW0963589f6a.jpg]
[images.squarespace-cdn.com/content/v1/5e8f5d9bae8f137fbc83492a/0df18b81-d6cb-4932-a9b9-2247b61560a3/ZORRO_MCW_Shot_09_49799f6a.jpg]
[themarcus.com/portfolio/_https_/player.vimeo.com/video/509671894.6fae95.delayed]
[themarcus.com/portfolio/_https_/player.vimeo.com/video/735557849.715f83.delayed]
[themarcus.com/portfolio/mc-w.html]
[images.squarespace-cdn.com/content/5e8f5d9bae8f137fbc83492a/1659226505041-POYVT5O869YD8QFUCIPX/ESPN_AustonMatthews_034243a3.jpg]
[images.squarespace-cdn.com/content/v1/5e8f5d9bae8f137fbc83492a/977e9e66-7b03-4c56-ab7f-c443bddf9867/AustonMatthewsCoverStory_089f6a.jpg]
[images.squarespace-cdn.com/content/v1/5e8f5d9bae8f137fbc83492a/33e2b430-3c7e-477c-b384-39c03c1ec6b6/AustonMatthewsCoverStory_0109f6a.jpg]
[images.squarespace-cdn.com/content/v1/5e8f5d9bae8f137fbc83492a/6cda1461-99f1-444a-994b-6bc2a6ed19eb/AustonMatthewsCoverStory_0029f6a.jpg]
[images.squarespace-cdn.com/content/v1/5e8f5d9bae8f137fbc83492a/d512a8a6-5f37-4aee-9b5a-46f08252222d/AustonMatthewsCoverStory_0039f6a.jpg]
[images.squarespace-cdn.com/content/v1/5e8f5d9bae8f137fbc83492a/a11902d4-3779-4e6d-a5ec-0882a283ac61/__ESPNAustonMatthewsCover9f6a.jpg]
[images.squarespace-cdn.com/content/v1/5e8f5d9bae8f137fbc83492a/f7802ec0-f089-4fde-8cb2-eb9fe11b67c5/AustonMatthewsCoverStory_0119f6a.jpg]
[themarcus.com/portfolio/_https_/player.vimeo.com/video/735076857.7b8b64.delayed]
[themarcus.com/portfolio/matthews.html]
[images.squarespace-cdn.com/content/5e8f5d9bae8f137fbc83492a/1614399843910-YXPKJ91064UJL04O8V8X/181219_ME_Bounce_01_0202_A43a3.jpg]
[images.squarespace-cdn.com/content/v1/5e8f5d9bae8f137fbc83492a/8a14a6d7-7e9d-4b9b-bb87-b89744669f4a/181219_ME_Bounce_01_0042_049f6a.jpg]
[images.squarespace-cdn.com/content/v1/5e8f5d9bae8f137fbc83492a/b8867d13-549a-4d60-94cb-38e57545a4d0/181219_ME_Bounce_01_2469_089f6a.jpg]
[assets.squarespace.com/universal/scripts-compressed/commerce-checkout-28300fc74fd63585723be-min.en-US.js]
[images.squarespace-cdn.com/content/v1/5e8f5d9bae8f137fbc83492a/b89c5f53-5903-439a-bd28-775fcd5b3d01/181219_ME_Bounce_02_0603_A9f6a.jpg]
[images.squarespace-cdn.com/content/v1/5e8f5d9bae8f137fbc83492a/39019961-b33b-4c50-bd44-03dc47cb75c8/181219_ME_Bounce_02_0723_089f6a.jpg]
[images.squarespace-cdn.com/content/v1/5e8f5d9bae8f137fbc83492a/65c1dfa8-45cc-4444-9831-acf767cec01a/181219_ME_Bounce_04_0936_099f6a.jpg]
[images.squarespace-cdn.com/content/v1/5e8f5d9bae8f137fbc83492a/fe48534b-0ea9-46be-821f-db79880b4525/181219_ME_Bounce_04_0961_B3b9f6a.jpg]
[images.squarespace-cdn.com/content/v1/5e8f5d9bae8f137fbc83492a/79dbc71a-df00-49f7-b525-d8ef10966aa5/181219_ME_Bounce_05_1081_039f6a.jpg]
[images.squarespace-cdn.com/content/v1/5e8f5d9bae8f137fbc83492a/62eb46cd-0b3e-470d-b7fb-d6200750d30a/181219_ME_Bounce_10_2855-10C9f6a.jpg]
[images.squarespace-cdn.com/content/v1/5e8f5d9bae8f137fbc83492a/af921b3b-7041-4d87-a14c-24008c26c8ba/181219_ME_Bounce_10_2917_039f6a.jpg]
[images.squarespace-cdn.com/content/v1/5e8f5d9bae8f137fbc83492a/6538a636-da3f-4af1-9222-689ffada6b6d/181219_ME_Bounce_10_3330_079f6a.jpg]
[images.squarespace-cdn.com/content/v1/5e8f5d9bae8f137fbc83492a/3842b7dc-465c-4d0d-8bbd-53e20f9b50f5/181219_ME_Bounce_11_3720_049f6a.jpg]
[themarcus.com/portfolio/_https_/player.vimeo.com/video/517690820.8a0126.delayed]
[themarcus.com/portfolio/_https_/player.vimeo.com/video/509290884.8c770f.delayed]
[themarcus.com/portfolio/amoeba.html]
[images.squarespace-cdn.com/content/5e8f5d9bae8f137fbc83492a/1613284041212-M4YXQRBNHYNEUM4VU1Q6/Lillard_ESPN_Shot_03_2767-1_00243a3.jpg]
[images.squarespace-cdn.com/content/v1/5e8f5d9bae8f137fbc83492a/1590265374870-GBO85C7E8ALSGVIY4LEU/Lillard_ESPN_Shot_03_2100-1_0019f6a.jpg]
[images.squarespace-cdn.com/content/v1/5e8f5d9bae8f137fbc83492a/1590265374952-V674FMCQDV6ENZNV1H3P/Lillard_ESPN_Shot_03_2191_0029f6a.jpg]
[images.squarespace-cdn.com/content/v1/5e8f5d9bae8f137fbc83492a/1590265378160-P91XTX06GHG1ZRAIASXJ/Lillard_ESPN_Shot_03_2470-1_0029f6a.jpg]
[images.squarespace-cdn.com/content/v1/5e8f5d9bae8f137fbc83492a/1590265377975-YCOJFJJ0ZWQ4KB8Z3WHZ/Lillard_ESPN_Shot_03_2494-1-0039f6a.jpg]
[images.squarespace-cdn.com/content/v1/5e8f5d9bae8f137fbc83492a/1590265379010-QF6R5B4VSBZC9ITW21V9/Lillard_ESPN_Shot_03_2672-1_0029f6a.jpg]
[images.squarespace-cdn.com/content/v1/5e8f5d9bae8f137fbc83492a/1590265379612-GY7TUJEHYPJWM2608ANG/Lillard_ESPN_Shot_03_2723-19f6a.jpg]
[images.squarespace-cdn.com/content/v1/5e8f5d9bae8f137fbc83492a/1590265382637-4LC4IU5DST2SY2HAEY9O/Lillard_ESPN_Shot_03_2802-1_005c9f6a.jpg]
[images.squarespace-cdn.com/content/v1/5e8f5d9bae8f137fbc83492a/63fb3438-7994-40ea-b044-568e9daea560/Lillard_ESPN_Shot_01_1464-19f6a.jpg]
[images.squarespace-cdn.com/content/v1/5e8f5d9bae8f137fbc83492a/6604bc42-db9b-4134-ba61-0cf45eeb0425/Lillard_ESPN_Shot_01_1486-19f6a.jpg]
[themarcus.com/portfolio/_https_/player.vimeo.com/video/513038364.99b441.delayed]
[themarcus.com/portfolio/damian-lillard.html]
[images.squarespace-cdn.com/content/5e8f5d9bae8f137fbc83492a/1660467515529-JWIYRFBTDUK1A92Y69Z7/BBC_ME_5867_Cropped43a3.jpg]
[images.squarespace-cdn.com/content/v1/5e8f5d9bae8f137fbc83492a/d30198a3-c2ab-42dd-b8a9-683e86ee86a5/BBC_ME_12672-1b9f6a.jpg]
[images.squarespace-cdn.com/content/v1/5e8f5d9bae8f137fbc83492a/c5296208-42aa-4728-ba10-e7f4d89196bd/BBC_ME_142839f6a.jpg]
[images.squarespace-cdn.com/content/v1/5e8f5d9bae8f137fbc83492a/5ab6d17b-ebcc-4b03-9956-4caccf4f16ca/BBC_ME_114079f6a.jpg]
[images.squarespace-cdn.com/content/v1/5e8f5d9bae8f137fbc83492a/53b78dab-88e1-4618-a136-ccebf0634b4b/BBC_ME_145249f6a.jpg]
[images.squarespace-cdn.com/content/v1/5e8f5d9bae8f137fbc83492a/7d20e4f9-7d7d-44d5-9a1e-f52ab6e9b2f8/BCBallet_Studio_0983-1_19f6a.jpg]
[images.squarespace-cdn.com/content/v1/5e8f5d9bae8f137fbc83492a/6553e9c5-e267-4ffa-a316-7729f5728085/BCBallet_Studio_1439-19f6a.jpg]
[images.squarespace-cdn.com/content/v1/5e8f5d9bae8f137fbc83492a/46369f71-b09f-4e8f-b0a1-c9cd3138beb4/BCBallet_Studio_3352-1_19f6a.jpg]
[images.squarespace-cdn.com/content/v1/5e8f5d9bae8f137fbc83492a/b26136c9-1944-4f36-aebf-1f36a5cea92c/BCBallet_Studio_4443-1_19f6a.jpg]
[images.squarespace-cdn.com/content/v1/5e8f5d9bae8f137fbc83492a/3c711729-00bd-4e36-893b-dd0762bfae29/BCBallet_Studio_7771-2_19f6a.jpg]
[images.squarespace-cdn.com/content/v1/5e8f5d9bae8f137fbc83492a/e80937dd-5173-43c9-befe-41490b9d2ee4/BCBallet_Studio_11160-29f6a.jpg]
[images.squarespace-cdn.com/content/v1/5e8f5d9bae8f137fbc83492a/5a91d972-17e9-422e-ab09-c4e521afec9f/BCBallet_Studio_12234-2b_1-19f6a.jpg]
[images.squarespace-cdn.com/content/v1/5e8f5d9bae8f137fbc83492a/7efd8978-bb58-47a1-90cc-e043d4af34aa/BCBallet_Studio_12243-1_19f6a.jpg]
[images.squarespace-cdn.com/content/v1/5e8f5d9bae8f137fbc83492a/18770323-b7b3-4f76-b709-e8eb0f20fd7f/BBC_ME_83709f6a.jpg]
[images.squarespace-cdn.com/content/v1/5e8f5d9bae8f137fbc83492a/c23745c1-cadc-4118-a09a-44099baeebd9/BBC_ME_113649f6a.jpg]
[images.squarespace-cdn.com/content/v1/5e8f5d9bae8f137fbc83492a/cc0c6ac5-8a89-49fe-8198-3baa7e384334/BCBallet_Studio_2079-1_19f6a.jpg]
[images.squarespace-cdn.com/content/v1/5e8f5d9bae8f137fbc83492a/d76ed8f6-996b-4008-bdf5-abfc8e320af6/BCBallet_Studio_1839-1_19f6a.jpg]
[images.squarespace-cdn.com/content/v1/5e8f5d9bae8f137fbc83492a/b96cc8fa-2574-4f30-8039-ae292ad41fde/BCBallet_Studio_8866-19f6a.jpg]
[images.squarespace-cdn.com/content/v1/5e8f5d9bae8f137fbc83492a/917c92a4-25fb-4a51-b757-d83307acd88c/BCBallet_Studio_12743-19f6a.jpg]
[themarcus.com/portfolio/balletbc.html]
[images.squarespace-cdn.com/content/5e8f5d9bae8f137fbc83492a/1614125031350-VNOWD3IWAG750GUI1GZO/20171207_SS_04_1520+(2)43a3.jpg]
[images.squarespace-cdn.com/content/v1/5e8f5d9bae8f137fbc83492a/1590266754461-R1028FNJC6R9DZJEHAXY/20171207_SS_03_8989f6a.jpg]
[images.squarespace-cdn.com/content/v1/5e8f5d9bae8f137fbc83492a/1590266757014-MJ9RFUNGGFDVVRMQAYXI/20171207_SS_03_9779f6a.jpg]
[images.squarespace-cdn.com/content/v1/5e8f5d9bae8f137fbc83492a/1613283895966-41Y96AGAK5BA311DFA60/20171207_SS_03_887_049f6a.jpg]
[images.squarespace-cdn.com/content/v1/5e8f5d9bae8f137fbc83492a/1613283889976-UICLJLG3RTPRSW6HXOD7/20171207_SS_06_1961_15B29f6a.jpg]
[images.squarespace-cdn.com/content/v1/5e8f5d9bae8f137fbc83492a/1613283893727-8E4WVSTUXDOCRNEIAATY/20171207_SS_04_1493_029f6a.jpg]
[images.squarespace-cdn.com/content/v1/5e8f5d9bae8f137fbc83492a/1613283896827-C593T7TOEPE58U8EP2U5/20171207_SS_08_2066-29f6a.jpg]
[images.squarespace-cdn.com/content/v1/5e8f5d9bae8f137fbc83492a/45c52900-8b14-4c91-85ef-7784417c5a08/20171207_SS_03_9639f6a.jpg]
[images.squarespace-cdn.com/content/v1/5e8f5d9bae8f137fbc83492a/52270904-a5af-4a5f-a810-aabfce1b812e/20171207_SS_07_2038_11-29f6a.jpg]
[images.squarespace-cdn.com/content/v1/5e8f5d9bae8f137fbc83492a/55674543-8ce1-4263-8509-5229efdd9fbc/20171207_SS_01_4499f6a.jpg]
[images.squarespace-cdn.com/content/v1/5e8f5d9bae8f137fbc83492a/a72f869f-cd76-4b05-8472-e613c33dc491/20171207_SS_02_497-02-492_01_r29f6a.jpg]
[themarcus.com/portfolio/_https_/player.vimeo.com/video/515906699.bbd8ee.delayed]
[themarcus.com/portfolio/keanu-reeves.html]
[images.squarespace-cdn.com/content/5e8f5d9bae8f137fbc83492a/1590263455360-K0OHL97TI1QU6CXZ055W/BeatsByDre_TEAM43a3.jpg]
[images.squarespace-cdn.com/content/v1/5e8f5d9bae8f137fbc83492a/1590263498758-L0VBC9IKPHSO9WRKLKFI/03_DURANT_7N_CLOSEUP_BLKSW_0289f6a.jpg]
[images.squarespace-cdn.com/content/v1/5e8f5d9bae8f137fbc83492a/1590263494325-ORTFS7H8REJEYMWF7JDC/03_JAMES_7N_ACTION_WHTPB3W_0002_MEc9f6a.jpg]
[images.squarespace-cdn.com/content/v1/5e8f5d9bae8f137fbc83492a/1590263497155-LZG6QQYBVYAO70HJUECK/04_DURANT_7N_CLOSEUP_WHTPB3W_0129f6a.jpg]
[images.squarespace-cdn.com/content/v1/5e8f5d9bae8f137fbc83492a/1590263490193-6BFVQT5Q9N6IBPX99ZHJ/06_DURANT_7N_ACTION_WHTPB3W_005_RWhite_39f6a.jpg]
[images.squarespace-cdn.com/content/v1/5e8f5d9bae8f137fbc83492a/1590263498042-V23H6KMDRYI7BNRCA5ZL/06_JAMES_7N_SEATED_WHTPB3W_0023b9f6a.jpg]
[images.squarespace-cdn.com/content/v1/5e8f5d9bae8f137fbc83492a/1590263504137-243OZY4WD3WS94RQ0WVP/06_WHT_PB3_WIRELESS_0179f6a.jpg]
[images.squarespace-cdn.com/content/v1/5e8f5d9bae8f137fbc83492a/1590263503811-P9DPVQ9DHWFI25WKH5A2/07_WILLIAMS_7N_ACTION_WHTPB3W_0199f6a.jpg]
[images.squarespace-cdn.com/content/v1/5e8f5d9bae8f137fbc83492a/1590263502594-L22DZOBJDFZUJKKWHJGH/7na_hero_slider_2.0.jpg.large.2x9f6a.jpg]
[images.squarespace-cdn.com/content/v1/5e8f5d9bae8f137fbc83492a/96afea9a-f80c-4388-b406-69a92e4b1168/TB-29f6a.jpg]
[images.squarespace-cdn.com/content/v1/5e8f5d9bae8f137fbc83492a/1590263503580-4H4P9YSXKELRFAQOWGS9/Serena_Back_Cover9f6a.jpg]
[images.squarespace-cdn.com/content/v1/5e8f5d9bae8f137fbc83492a/bf0cf8a1-37c0-48d3-a84e-8e3ea6217f3d/TB-19f6a.jpg]
[themarcus.com/portfolio/beats-by-dr-dre.html]
[images.squarespace-cdn.com/content/5e8f5d9bae8f137fbc83492a/1613237864525-FRZ3WOPQVR4GOIHC5YIO/20180427_ME_ESPN_BreannaStewart_03_036843a3.jpg]
[images.squarespace-cdn.com/content/v1/5e8f5d9bae8f137fbc83492a/1590263651954-DP4SGY2PHT5THR41XAXO/20180427_ME_ESPN_BreannaStewart_02_0260b9f6a.jpg]
[images.squarespace-cdn.com/content/v1/5e8f5d9bae8f137fbc83492a/1590263653696-KZ2WK9CT17NKLVUW2KVJ/20180427_ME_ESPN_BreannaStewart_04_05409f6a.jpg]
[images.squarespace-cdn.com/content/v1/5e8f5d9bae8f137fbc83492a/1590263651572-MAVAXP1N6Z8H09Z228S4/20180427_ME_ESPN_BreannaStewart_04_05719f6a.jpg]
[images.squarespace-cdn.com/content/v1/5e8f5d9bae8f137fbc83492a/1613237957341-K3XDCT90ZZ2Q4TSZ1GHU/20180427_ME_ESPN_BreannaStewart_01_01909f6a.jpg]
[themarcus.com/portfolio/breanna-stewart.html]
[images.squarespace-cdn.com/content/5e8f5d9bae8f137fbc83492a/1613287610443-HVS33M6AJQSZ0PCLWS68/2014_ME_Kaepernick_2888-143a3.jpg]
[images.squarespace-cdn.com/content/v1/5e8f5d9bae8f137fbc83492a/1613287782431-KCKW0NWJB19WZQC0ZWAC/2014_ME_Kaepernick_0737-v29f6a.jpg]
[images.squarespace-cdn.com/content/v1/5e8f5d9bae8f137fbc83492a/1613287776681-16DK87R2YBUBUFZ603UP/Su15_01-v29f6a.jpg]
[images.squarespace-cdn.com/content/v1/5e8f5d9bae8f137fbc83492a/1613287785276-18NLEOTYHLM2JLRTHY53/2014_ME_Kaepernick_0813-V2_19f6a.jpg]
[images.squarespace-cdn.com/content/v1/5e8f5d9bae8f137fbc83492a/1613287787184-ZYCIDYSWOH27X96WS613/2014_ME_Kaepernick_0815-v29f6a.jpg]
[images.squarespace-cdn.com/content/v1/5e8f5d9bae8f137fbc83492a/1613287788952-VLKAR4S3YK8T30JB7916/20140216_Nike_FBAT14_ColinKaepernick_Gym_CF036223_v29f6a.jpg]
[images.squarespace-cdn.com/content/v1/5e8f5d9bae8f137fbc83492a/c9174fa7-7430-4c19-b3a8-79344118fcbc/20140216_Nike_FBAT14_ColinKaepernick_Field_05050_R29f6a.jpg]
[images.squarespace-cdn.com/content/v1/5e8f5d9bae8f137fbc83492a/f29bdfb3-c664-4343-8bee-1fecdfc43895/20140216_Nike_FBAT14_ColinKaepernick_Field_050559f6a.jpg]
[themarcus.com/portfolio/colin-kaepernick.html]
[images.squarespace-cdn.com/content/5e8f5d9bae8f137fbc83492a/1613265938904-E728WJRNHGMRQ8Z92IYH/GILBERT_BW43a3.jpg]
[images.squarespace-cdn.com/content/v1/5e8f5d9bae8f137fbc83492a/1590266132521-QEH3HR63MZ5FVE70R20Y/2018010_ME_LeisureCentre2_0232+19f6a.jpg]
[images.squarespace-cdn.com/content/v1/5e8f5d9bae8f137fbc83492a/1590266149836-RF4PJTN35VCB0MPE160D/2018010_ME_LeisureCentre2_0517_v29f6a.jpg]
[images.squarespace-cdn.com/content/v1/5e8f5d9bae8f137fbc83492a/1590266150525-WAGQ0WLLCR8XLRYCOUCU/2018010_ME_LeisureCentre2_0577_v29f6a.jpg]
[images.squarespace-cdn.com/content/v1/5e8f5d9bae8f137fbc83492a/1590266149698-W09OXQKN91BGLHA0ZK7B/2018010_ME_LeisureCentre2_1809_v29f6a.jpg]
[images.squarespace-cdn.com/content/v1/5e8f5d9bae8f137fbc83492a/1590266161087-2G0ND9CCNSPJMVJQIV5I/2018010_ME_LeisureCentre2_1940_v1a9f6a.jpg]
[images.squarespace-cdn.com/content/v1/5e8f5d9bae8f137fbc83492a/1590266165005-PTXD1MHO6I5VOTCJ70PT/2018010_ME_LeisureCentre2_5137_v19f6a.jpg]
[images.squarespace-cdn.com/content/v1/5e8f5d9bae8f137fbc83492a/1590266163387-5GZS4V8BZQA2IPP0ZF3P/2018010_ME_LeisureCentre2_5148_v19f6a.jpg]
[images.squarespace-cdn.com/content/v1/5e8f5d9bae8f137fbc83492a/1590266169403-IIRB83UB2A79KU39ZCJ2/2018010_ME_LeisureCentre2_52509f6a.jpg]
[images.squarespace-cdn.com/content/v1/5e8f5d9bae8f137fbc83492a/1590266170496-UZFUZHME7OC5H3SGWZ0H/2018010_ME_LeisureCentre2_5270_v1_19f6a.jpg]
[images.squarespace-cdn.com/content/v1/5e8f5d9bae8f137fbc83492a/1590266182391-EBVWXR2VL1PN61LNA5YY/2018010_ME_LeisureCentre2_5348_v29f6a.jpg]
[images.squarespace-cdn.com/content/v1/5e8f5d9bae8f137fbc83492a/1590266183566-23FB0LH17IWNR1FAOV5R/2018010_ME_LeisureCentre2_5489_v29f6a.jpg]
[images.squarespace-cdn.com/content/v1/5e8f5d9bae8f137fbc83492a/1590266182721-EWGUPUGF52BSVUIUXD3E/2018010_ME_LeisureCentre2_5587_v29f6a.jpg]
[images.squarespace-cdn.com/content/v1/5e8f5d9bae8f137fbc83492a/1590266187860-OMLQMIBRVOSAZKVRH8A1/2018010_ME_LeisureCentre2_5666_v19f6a.jpg]
[images.squarespace-cdn.com/content/v1/5e8f5d9bae8f137fbc83492a/1613265730402-A8SGOI7IWM4GPY7JXXPX/2018010_ME_LeisureCentre2_5645_v29f6a.jpg]
[themarcus.com/portfolio/gilbert-and-claire.html]
[images.squarespace-cdn.com/content/5e8f5d9bae8f137fbc83492a/1614585690585-UU8I5OEUFV7SY4OM0IYE/MGM_BET_Basketball_0708-r243a3.jpg]
[images.squarespace-cdn.com/content/v1/5e8f5d9bae8f137fbc83492a/36b07de6-2072-440c-a8cb-57eb8176ef32/MGM_BET_Baseball_25709f6a.jpg]
[images.squarespace-cdn.com/content/v1/5e8f5d9bae8f137fbc83492a/6422963e-8e67-44a2-942e-65f6dcbf3615/BetMGM-dunk9f6a.jpg]
[images.squarespace-cdn.com/content/v1/5e8f5d9bae8f137fbc83492a/901ee4d8-a7d2-44b7-a1c1-a92ca4c85e39/MGM_BET_MMA_12469f6a.jpg]
[images.squarespace-cdn.com/content/v1/5e8f5d9bae8f137fbc83492a/2531f305-f130-4d8c-8fbb-7f606238d970/MGM_BET_Tennis_29049f6a.jpg]
[images.squarespace-cdn.com/content/v1/5e8f5d9bae8f137fbc83492a/a8c990d3-ef85-43cb-8a9a-c22ebb0210c1/MGM_BET_Tennis_29069f6a.jpg]
[images.squarespace-cdn.com/content/v1/5e8f5d9bae8f137fbc83492a/9b3d6f94-78bf-4e8f-a704-dedbe990e734/Tennis9f6a.jpg]
[images.squarespace-cdn.com/content/v1/5e8f5d9bae8f137fbc83492a/67721dd1-96cd-451f-957d-d85d70be72d8/UFC_19f6a.jpg]
[themarcus.com/portfolio/bet-mgm.html]
[images.squarespace-cdn.com/content/5e8f5d9bae8f137fbc83492a/1614490620530-06LHUQQN1POLB6E8B201/181117_ME_BabyYors_3403-143a3.jpg]
[images.squarespace-cdn.com/content/v1/5e8f5d9bae8f137fbc83492a/d49cfec2-90ba-453d-851a-6fc32255c145/181117_ME_BabyYors_0935-1_19f6a.jpg]
[images.squarespace-cdn.com/content/v1/5e8f5d9bae8f137fbc83492a/8b6ced89-2a04-45c3-ab58-728d901d5603/181117_ME_BabyYors_0986-19f6a.jpg]
[assets.squarespace.com/universal/scripts-compressed/extract-css-runtime-e3a027808c05ebfab7e63-min.en-US.js]
[images.squarespace-cdn.com/content/v1/5e8f5d9bae8f137fbc83492a/9df70e28-4275-48d5-8a9f-410ced73a9d2/181117_ME_BabyYors_2718-19f6a.jpg]
[images.squarespace-cdn.com/content/v1/5e8f5d9bae8f137fbc83492a/be94fded-cdd5-45d8-9806-43a0e2945c4b/181117_ME_BabyYors_3744-19f6a.jpg]
[images.squarespace-cdn.com/content/v1/5e8f5d9bae8f137fbc83492a/9983018b-da12-4581-a048-50241c70bc3f/181117_ME_BabyYors_2814-29f6a.jpg]
[themarcus.com/portfolio/_https_/player.vimeo.com/video/421638978.fa456b.delayed]
[themarcus.com/portfolio/baby-yors.html]
[images.squarespace-cdn.com/content/5e8f5d9bae8f137fbc83492a/1614399495950-RDS00UKW3BDHDNAIHAN7/5550R343a3.jpg]
[images.squarespace-cdn.com/content/v1/5e8f5d9bae8f137fbc83492a/1ae6eda7-bd99-48d6-a2c0-0826f9ef93ce/48489f6a.jpg]
[images.squarespace-cdn.com/content/v1/5e8f5d9bae8f137fbc83492a/57fe86ec-b7af-49b3-9f4a-63787468b8ff/50359f6a.jpg]
[images.squarespace-cdn.com/content/v1/5e8f5d9bae8f137fbc83492a/d418b6b9-7718-4561-a931-336b07a865b3/5088_19f6a.jpg]
[images.squarespace-cdn.com/content/v1/5e8f5d9bae8f137fbc83492a/266e99ce-483a-4fad-b893-cbedf8e77240/48099f6a.jpg]
[images.squarespace-cdn.com/content/v1/5e8f5d9bae8f137fbc83492a/b1c142c0-d0f9-43e7-8981-e3bed9d48d5f/52509f6a.jpg]
[images.squarespace-cdn.com/content/v1/5e8f5d9bae8f137fbc83492a/9e580c42-586f-406c-8d39-0baa47cb5003/5477_29f6a.jpg]
[images.squarespace-cdn.com/content/v1/5e8f5d9bae8f137fbc83492a/602f5a25-32f3-4cb9-a5f2-d34cc39f27bf/56859f6a.jpg]
[images.squarespace-cdn.com/content/v1/5e8f5d9bae8f137fbc83492a/1ed2c63b-eede-4c30-8568-97a4105264cd/57119f6a.jpg]
[themarcus.com/portfolio/kenya-and-carmel.html]
[images.squarespace-cdn.com/content/5e8f5d9bae8f137fbc83492a/1590267328817-X68ODMSD9H38MSGL3ZT4/Leisure_Center_Shot+3_061443a3.jpg]
[images.squarespace-cdn.com/content/v1/5e8f5d9bae8f137fbc83492a/1590267376091-18DNAIS9BW8PIIYR7Y4I/Leisure_Center_Shot+3_05709f6a.jpg]
[images.squarespace-cdn.com/content/v1/5e8f5d9bae8f137fbc83492a/1590267379591-EV3H1NKO5WNZWDJCONDM/Leisure_Center_Shot+3_05879f6a.jpg]
[images.squarespace-cdn.com/content/v1/5e8f5d9bae8f137fbc83492a/1590267375528-PTDK5ST07LQG540NNGES/Leisure_Center_Shot+3_06449f6a.jpg]
[themarcus.com/portfolio/leisure-center.html]
[images.squarespace-cdn.com/content/5e8f5d9bae8f137fbc83492a/1660380630480-46SEWDXKBRSCIJG45X0P/0163-4-dk-bw+6+Edited43a3.jpg]
[images.squarespace-cdn.com/content/v1/5e8f5d9bae8f137fbc83492a/afe5bfdc-4430-49b0-9663-d7e100ebc03c/201901_ME_Optum_TV_02_79009f6a.jpg]
[images.squarespace-cdn.com/content/v1/5e8f5d9bae8f137fbc83492a/b4d0f5a5-d510-4b58-be80-f2be69dc112b/201901_ME_Optum_TV_02_7896.tif+11+Edited9f6a.jpg]
[images.squarespace-cdn.com/content/v1/5e8f5d9bae8f137fbc83492a/914c1230-cafe-4be8-9506-7d1fc12702c9/0610-2_1+10+Edited9f6a.jpg]
[images.squarespace-cdn.com/content/v1/5e8f5d9bae8f137fbc83492a/3a5f0e4b-1b84-425d-a93c-4318f0d909f2/0498-1_1+9+Edited9f6a.jpg]
[images.squarespace-cdn.com/content/v1/5e8f5d9bae8f137fbc83492a/33c39b46-58a3-42b5-8d20-5ec9e3f3de79/201901_ME_Optum_Hero_0466-1_19f6a.jpg]
[images.squarespace-cdn.com/content/v1/5e8f5d9bae8f137fbc83492a/611c9d42-d89a-4b7e-af10-4f23aef77def/03_11526-1-Color_2+15+Edited9f6a.jpg]
[images.squarespace-cdn.com/content/v1/5e8f5d9bae8f137fbc83492a/73de766c-c170-4dce-85de-620e693855dc/0266-1-bw_1+2+Edited9f6a.jpg]
[images.squarespace-cdn.com/content/v1/5e8f5d9bae8f137fbc83492a/bec6996e-509e-49af-a755-2fd15d90dd53/0161-2-bw_1+5+Edited9f6a.jpg]
[images.squarespace-cdn.com/content/v1/5e8f5d9bae8f137fbc83492a/c0e8d45f-eee7-4a20-8e8e-893c0f4cb309/0296-1_19f6a.jpg]
[images.squarespace-cdn.com/content/v1/5e8f5d9bae8f137fbc83492a/fd61f2ec-344a-4375-8356-31c2bf7e40cd/0492-1_1+8+Edited9f6a.jpg]
[images.squarespace-cdn.com/content/v1/5e8f5d9bae8f137fbc83492a/c0a81054-ff09-47d9-8aa3-689c23ba0489/201901_ME_Optum_TV_03_11448-1_2+14+Edited9f6a.jpg]
[images.squarespace-cdn.com/content/v1/5e8f5d9bae8f137fbc83492a/1614576457940-Z4GN0ACTFBIYOSXO2F5J/MJ_19f6a.jpg]
[themarcus.com/portfolio/rory.html]
[images.squarespace-cdn.com/content/5e8f5d9bae8f137fbc83492a/1614576457940-Z4GN0ACTFBIYOSXO2F5J/MJ_143a3.jpg]
[images.squarespace-cdn.com/content/v1/5e8f5d9bae8f137fbc83492a/1613267849020-8AVYEZZH2C6Q2O19PDOK/MJ024_20209f6a.jpg]
[images.squarespace-cdn.com/content/v1/5e8f5d9bae8f137fbc83492a/1613267852085-GN7D1EARJOBDCIK26AZB/MJ053_20209f6a.jpg]
[images.squarespace-cdn.com/content/v1/5e8f5d9bae8f137fbc83492a/1613267852856-6QORSGMEHAZCYD95Y1NT/MJ058_20209f6a.jpg]
[images.squarespace-cdn.com/content/v1/5e8f5d9bae8f137fbc83492a/f200e149-0830-4da5-8788-646f9b3f6e14/_E__8710-19f6a.jpg]
[images.squarespace-cdn.com/content/v1/5e8f5d9bae8f137fbc83492a/1613236620119-T06YHE051WTH2X9PP67N/181219_ME_Bounce_06_2135-19f6a.jpg]
[themarcus.com/portfolio/michael-jordan.html]
[images.squarespace-cdn.com/content/5e8f5d9bae8f137fbc83492a/1613236620119-T06YHE051WTH2X9PP67N/181219_ME_Bounce_06_2135-143a3.jpg]
[images.squarespace-cdn.com/content/v1/5e8f5d9bae8f137fbc83492a/1613236557353-274K6MQOBR2L18AMAW2R/181219_ME_Bounce_06_1542-19f6a.jpg]
[images.squarespace-cdn.com/content/v1/5e8f5d9bae8f137fbc83492a/1613236557796-JRRPLS94Z49XLSJ7ASHB/181219_ME_Bounce_06_1535-19f6a.jpg]
[images.squarespace-cdn.com/content/v1/5e8f5d9bae8f137fbc83492a/1613236556036-649P1OMOTQGW4IDQSGUJ/181219_ME_Bounce_06_21759f6a.jpg]
[images.squarespace-cdn.com/content/v1/5e8f5d9bae8f137fbc83492a/1613236558708-VO0RBDF6895XIFB0EPFG/Portraits9f6a.jpg]
[images.squarespace-cdn.com/content/v1/5e8f5d9bae8f137fbc83492a/e6af21e8-7a24-423e-b996-f037c2916fcb/181219_ME_Bounce_06_2253-1_29f6a.jpg]
[themarcus.com/portfolio/_https_/player.vimeo.com/video/516001680.127796b.delayed]
[images.squarespace-cdn.com/content/v1/5e8f5d9bae8f137fbc83492a/1613285874419-F6PBALQS7V6LBVRLU2XF/0808_Cover_19f6a.jpg]
[themarcus.com/portfolio/catrina-simone.html]
[images.squarespace-cdn.com/content/5e8f5d9bae8f137fbc83492a/1613285874419-F6PBALQS7V6LBVRLU2XF/0808_Cover_143a3.jpg]
[images.squarespace-cdn.com/content/v1/5e8f5d9bae8f137fbc83492a/1590267191489-ITSMW9XUIV6ZXVC7EU53/04049f6a.jpg]
[images.squarespace-cdn.com/content/v1/5e8f5d9bae8f137fbc83492a/1590267191669-7YN01O42N4DGB8FRCNK3/0808-COVERPROMO9f6a.jpg]
[images.squarespace-cdn.com/content/v1/5e8f5d9bae8f137fbc83492a/1590267190715-B0W86Y6XH378BVYYWUGG/10849f6a.jpg]
[images.squarespace-cdn.com/content/v1/5e8f5d9bae8f137fbc83492a/1590267187563-EYXGWHITC70PDMMITVFN/14389f6a.jpg]
[images.squarespace-cdn.com/content/v1/5e8f5d9bae8f137fbc83492a/1613285939839-UVDJNK92KW6EJ9OZP6E1/0641_19f6a.jpg]
[images.squarespace-cdn.com/content/v1/5e8f5d9bae8f137fbc83492a/1590263909770-OQC62GDXK921H5VU9M6D/ClermontTwins_Look+3_0426_029f6a.jpg]
[themarcus.com/portfolio/kyle-and-demar.html]
[images.squarespace-cdn.com/content/5e8f5d9bae8f137fbc83492a/1590263909770-OQC62GDXK921H5VU9M6D/ClermontTwins_Look+3_0426_0243a3.jpg]
[images.squarespace-cdn.com/content/v1/5e8f5d9bae8f137fbc83492a/1590265003441-4B8VNMM8IT1ITMUJ6E0E/ClermontTwins_Look+3_0393_029f6a.jpg]
[images.squarespace-cdn.com/content/v1/5e8f5d9bae8f137fbc83492a/1590264997446-22OONBC08L9AEJ19DYDH/ClermontTwins_Look+7_1427_02+copy9f6a.jpg]
[images.squarespace-cdn.com/content/v1/5e8f5d9bae8f137fbc83492a/1590265000143-HZEN5UZPJN6A0T0GMDCB/ClermontTwins_Look+7_1464_03+copy9f6a.jpg]
[images.squarespace-cdn.com/content/v1/5e8f5d9bae8f137fbc83492a/1590265004232-0H8X9NLG75BYNXNQBAVE/ClermontTwins_Look+7_1539_039f6a.jpg]
[images.squarespace-cdn.com/content/v1/5e8f5d9bae8f137fbc83492a/1590265006792-IYNG19CYWA3J4UFSKZ2C/ClermontTwins_Look+7_1633_029f6a.jpg]
[images.squarespace-cdn.com/content/v1/5e8f5d9bae8f137fbc83492a/1590265006888-MR3GBHPHKLRY8XN6Q0L5/ClermontTwins_Look+7_1673_019f6a.jpg]
[images.squarespace-cdn.com/content/v1/5e8f5d9bae8f137fbc83492a/89679881-2776-4192-9418-28c516aa5247/ClermontTwins_Look+9_2266_019f6a.jpg]
[images.squarespace-cdn.com/content/v1/5e8f5d9bae8f137fbc83492a/fd5ab48d-1fd9-40c3-b91c-1ffc9e7d63e3/ClermontTwins_Look+9_2197_019f6a.jpg]
[images.squarespace-cdn.com/content/v1/5e8f5d9bae8f137fbc83492a/1590265759970-QPNJ9BO97SIVC0ZPTQRU/ESPN_Kane_01699f6a.jpg]
[themarcus.com/portfolio/clermont-twins.html]
[images.squarespace-cdn.com/content/5e8f5d9bae8f137fbc83492a/1590265759970-QPNJ9BO97SIVC0ZPTQRU/ESPN_Kane_016943a3.jpg]
[images.squarespace-cdn.com/content/v1/5e8f5d9bae8f137fbc83492a/1590265798597-R6IYDFBA4O59XYO4RMP6/Body_Kane_Cover9f6a.jpg]
[images.squarespace-cdn.com/content/v1/5e8f5d9bae8f137fbc83492a/1590265797678-5XGGW2CCW9DMMZLWV29U/ESPN_Kane_02059f6a.jpg]
[images.squarespace-cdn.com/content/v1/5e8f5d9bae8f137fbc83492a/1590265796249-7EW3EYG7NDOAJ2AZX53Y/ESPN_Kane_02219f6a.jpg]
[images.squarespace-cdn.com/content/v1/5e8f5d9bae8f137fbc83492a/1590265796648-1ELDW8O9QPO3B4VPYV6S/ESPN_Kane_03699f6a.jpg]
[images.squarespace-cdn.com/content/v1/5e8f5d9bae8f137fbc83492a/1590265803292-KNTFS7OWXNOJ0S5ZA6L3/ESPN_Kane_08519f6a.jpg]
[images.squarespace-cdn.com/content/v1/5e8f5d9bae8f137fbc83492a/1590265810617-F1854A7HNJ355XD9YRXO/ESPN_Kane_10659f6a.jpg]
[images.squarespace-cdn.com/content/v1/5e8f5d9bae8f137fbc83492a/1590265808865-YER0I8KZA9HC4YBJ04JU/ESPN_Kane_10929f6a.jpg]
[images.squarespace-cdn.com/content/v1/5e8f5d9bae8f137fbc83492a/1590265810842-JEEY20BOW8ESYA68YJQI/ESPN_Kane_11649f6a.jpg]
[images.squarespace-cdn.com/content/v1/5e8f5d9bae8f137fbc83492a/1660382110711-C0BRTM4QBP0LEEPEB0AL/2021_09_24_mileschamleywatson_me_0410+Edited+49f6a.jpg]
[themarcus.com/portfolio/evander-kane.html]
[images.squarespace-cdn.com/content/5e8f5d9bae8f137fbc83492a/1660382110711-C0BRTM4QBP0LEEPEB0AL/2021_09_24_mileschamleywatson_me_0410+Edited+443a3.jpg]
[images.squarespace-cdn.com/content/v1/5e8f5d9bae8f137fbc83492a/374fe60b-49ce-4c83-89f6-aa9a23ff217e/2021_09_24_mileschamleywatson_me_0730+1+Edited9f6a.jpg]
[images.squarespace-cdn.com/content/v1/5e8f5d9bae8f137fbc83492a/404fbab3-8d4a-4708-a8ef-ab5ab7fe09cd/2021_09_24_mileschamleywatson_me_1300+29f6a.jpg]
[images.squarespace-cdn.com/content/v1/5e8f5d9bae8f137fbc83492a/aef18898-77ac-4839-80f2-418fb319916d/2021_09_24_mileschamleywatson_me_2288+Edited9f6a.jpg]
[images.squarespace-cdn.com/content/v1/5e8f5d9bae8f137fbc83492a/a9acd7e3-fb37-4599-808b-6d236780d7df/2021_09_24_mileschamleywatson_me_img_06969f6a.jpg]
[images.squarespace-cdn.com/content/v1/5e8f5d9bae8f137fbc83492a/068360ba-df8b-4c6c-b6f5-852df259c85b/2021_09_24_mileschamleywatson_me_05369f6a.jpg]
[images.squarespace-cdn.com/content/v1/5e8f5d9bae8f137fbc83492a/2b87bf91-9bf2-4199-beb1-bcf8d06ed9f3/2021_09_24_mileschamleywatson_me_2539_bw+29f6a.jpg]
[images.squarespace-cdn.com/content/v1/5e8f5d9bae8f137fbc83492a/cc53aff1-72b0-48ad-b813-647cc5c162df/2021_09_24_mileschamleywatson_me_2192+9+Edited+29f6a.jpg]
[images.squarespace-cdn.com/content/v1/5e8f5d9bae8f137fbc83492a/e85b9fdf-1436-433b-9382-5c224581a559/2021_09_24_mileschamleywatson_me_0999+2+Edited9f6a.jpg]
[images.squarespace-cdn.com/content/v1/5e8f5d9bae8f137fbc83492a/1613375119703-AAX7OE24LSS9WSFAAE23/20190316_ME_MensHealth_01_0091-1_0019f6a.jpg]
[themarcus.com/portfolio/ck.html]
[images.squarespace-cdn.com/content/5e8f5d9bae8f137fbc83492a/1613375119703-AAX7OE24LSS9WSFAAE23/20190316_ME_MensHealth_01_0091-1_00143a3.jpg]
[images.squarespace-cdn.com/content/v1/5e8f5d9bae8f137fbc83492a/1590267468168-93RAN56N89SJN7EFF4LS/20190316_ME_MensHealth_01_0058-1_0019f6a.jpg]
[images.squarespace-cdn.com/content/v1/5e8f5d9bae8f137fbc83492a/1590267469873-B8FF0KLGJKBWD6QB6F77/20190316_ME_MensHealth_04_0338-1_0019f6a.jpg]
[images.squarespace-cdn.com/content/v1/5e8f5d9bae8f137fbc83492a/1590267471771-6Y83Y3ITP4A2MZCJ9MJ5/20190316_ME_MensHealth_07_0814-1_0029f6a.jpg]
[images.squarespace-cdn.com/content/v1/5e8f5d9bae8f137fbc83492a/465e7164-3847-439f-a0ec-fac517eb9ee9/20190316_ME_MensHealth_06_04909f6a.jpg]
[images.squarespace-cdn.com/content/v1/5e8f5d9bae8f137fbc83492a/ba648dd9-7f3b-43f2-9d41-a336fa8426bd/20190316_ME_MensHealth_02_02179f6a.jpg]
[images.squarespace-cdn.com/content/v1/5e8f5d9bae8f137fbc83492a/d0c7915e-c8c3-461e-84b0-9f40d3572c55/20190316_ME_MensHealth_03_02579f6a.jpg]
[images.squarespace-cdn.com/content/v1/5e8f5d9bae8f137fbc83492a/1613291002492-U2PGD25QK1Y80RKM3FH6/Serena9f6a.jpg]
[themarcus.com/portfolio/mens-health.html]
[images.squarespace-cdn.com/content/5e8f5d9bae8f137fbc83492a/1613291002492-U2PGD25QK1Y80RKM3FH6/Serena43a3.jpg]
[images.squarespace-cdn.com/content/v1/5e8f5d9bae8f137fbc83492a/1613291110352-0RXD60A9WMEQT558MDY3/01_WILLIAMS_7N_STANDING_BLKSW_0559f6a.jpg]
[images.squarespace-cdn.com/content/v1/5e8f5d9bae8f137fbc83492a/1613291105797-PEIAFGJCGTMDDAVKXL87/Serena_Back_Cover9f6a.jpg]
[images.squarespace-cdn.com/content/v1/5e8f5d9bae8f137fbc83492a/1613291107863-P8SBKF06T4XNQBBYNSLZ/05_WILLIAMS_7N_CLOSEUP_WHTPB3W_0569f6a.jpg]
[images.squarespace-cdn.com/content/v1/5e8f5d9bae8f137fbc83492a/1613291110385-Y0X5HEKP0ZY4LTE6XZR8/07_WILLIAMS_7N_ACTION_WHTPB3W_0199f6a.jpg]
[images.squarespace-cdn.com/content/v1/5e8f5d9bae8f137fbc83492a/1590267575358-O160F7ERDUFLLOMHGC1E/FIBA_TEAM_19f6a.jpg]
[themarcus.com/portfolio/serena-williams.html]
[images.squarespace-cdn.com/content/5e8f5d9bae8f137fbc83492a/1590267575358-O160F7ERDUFLLOMHGC1E/FIBA_TEAM_143a3.jpg]
[images.squarespace-cdn.com/content/v1/5e8f5d9bae8f137fbc83492a/1590267608075-4BLH2S0THBCBCFH2DMNM/Horizontal+KV+49f6a.jpg]
[images.squarespace-cdn.com/content/v1/5e8f5d9bae8f137fbc83492a/1590267608466-YOICZ598RKF1EJJ19P9O/Product_AlphaDunk9f6a.jpg]
[images.squarespace-cdn.com/content/v1/5e8f5d9bae8f137fbc83492a/1590267612733-ZT2K29KXVJZB9IQ1237O/Product_Converse9f6a.jpg]
[images.squarespace-cdn.com/content/v1/5e8f5d9bae8f137fbc83492a/1590267611764-JS70G1PE22Z5HZV7B7PS/Vertical+KV+19f6a.jpg]
[images.squarespace-cdn.com/content/v1/5e8f5d9bae8f137fbc83492a/1590267612992-MF5871TVHBFSTDWDB01K/Vertical+KV+29f6a.jpg]
[images.squarespace-cdn.com/content/v1/5e8f5d9bae8f137fbc83492a/1590267612711-AFOOKWI5W3QNJHUDV9EJ/Vertical+KV+49f6a.jpg]
[images.squarespace-cdn.com/content/v1/5e8f5d9bae8f137fbc83492a/1590267612994-YUYCX0HT6SL6BZ3TS235/Vertical+KV+59f6a.jpg]
[images.squarespace-cdn.com/content/v1/5e8f5d9bae8f137fbc83492a/1613374286149-UWFXVHNXQUNHUNAA80O9/01_NTK_04959f6a.jpg]
[themarcus.com/portfolio/nike-fiba.html]
[images.squarespace-cdn.com/content/5e8f5d9bae8f137fbc83492a/1613374286149-UWFXVHNXQUNHUNAA80O9/01_NTK_049543a3.jpg]
[images.squarespace-cdn.com/content/v1/5e8f5d9bae8f137fbc83492a/1590267853748-E1TDF6Q0CCA3WGDICP3T/01_NTK_09669f6a.jpg]
[images.squarespace-cdn.com/content/v1/5e8f5d9bae8f137fbc83492a/1590267852433-TF5Q0UXMXBLEA5GJKPTH/02_NTK_13679f6a.jpg]
[images.squarespace-cdn.com/content/v1/5e8f5d9bae8f137fbc83492a/1590267854188-RZHUOTSJJ8M2Q4ASGZZV/02_NTK_18189f6a.jpg]
[images.squarespace-cdn.com/content/v1/5e8f5d9bae8f137fbc83492a/1590267853862-5JO1AA19EEOBRJ644OFA/03_NTK_23519f6a.jpg]
[images.squarespace-cdn.com/content/v1/5e8f5d9bae8f137fbc83492a/1590267852921-JGOBUWF4E4VXWR31VSNU/03_NTK_34979f6a.jpg]
[images.squarespace-cdn.com/content/v1/5e8f5d9bae8f137fbc83492a/1590267854983-I2XTVR4FPPAYGAY8DKPW/03_NTK_43379f6a.jpg]
[images.squarespace-cdn.com/content/v1/5e8f5d9bae8f137fbc83492a/1590267855016-7WM93RVOCA43F3E1RI4C/04_NTK_31639f6a.jpg]
[images.squarespace-cdn.com/content/v1/5e8f5d9bae8f137fbc83492a/1613374330070-YJJ7D33PB1K0R0MY3MRL/02_NTK_14019f6a.jpg]
[themarcus.com/portfolio/_https_/player.vimeo.com/video/421999316.177496d.delayed]
[images.squarespace-cdn.com/content/v1/5e8f5d9bae8f137fbc83492a/1614146657404-ZTN8KC6EOW6W8DDGZDWM/NAOMI_7699f6a.jpg]
[themarcus.com/portfolio/nike-training-kit.html]
[images.squarespace-cdn.com/content/5e8f5d9bae8f137fbc83492a/1614146657404-ZTN8KC6EOW6W8DDGZDWM/NAOMI_76943a3.jpg]
[images.squarespace-cdn.com/content/v1/5e8f5d9bae8f137fbc83492a/1590268555875-KTB4PDUFPCPMHOAAPAKW/01_NAOMI_1779f6a.jpg]
[images.squarespace-cdn.com/content/v1/5e8f5d9bae8f137fbc83492a/1590268557950-ARGIW2YMORDDDDV2WFRQ/01_NAOMI_611+19f6a.jpg]
[images.squarespace-cdn.com/content/v1/5e8f5d9bae8f137fbc83492a/1590268562023-X5VYN6XB0HJ5Y94COI6A/02_LENAYA_7739f6a.jpg]
[images.squarespace-cdn.com/content/v1/5e8f5d9bae8f137fbc83492a/1590268571207-UZJJCOT93C4KNTQ1EHR3/TeamRise9f6a.jpg]
[images.squarespace-cdn.com/content/v1/5e8f5d9bae8f137fbc83492a/18d4e52a-56b5-4a98-b584-1cfa41f03e94/06_CHALK_15659f6a.jpg]
[images.squarespace-cdn.com/content/v1/5e8f5d9bae8f137fbc83492a/15c7f2d8-94cd-424a-a8ab-90cfe455a3de/06_CHALK_15729f6a.jpg]
[images.squarespace-cdn.com/content/v1/5e8f5d9bae8f137fbc83492a/f74be50b-aeaa-433d-9800-3162dd84b7ef/06_CHALK_16199f6a.jpg]
[images.squarespace-cdn.com/content/v1/5e8f5d9bae8f137fbc83492a/d5094ca4-98ce-4da5-8c5d-151b2bfc1d91/06_CHALK_1743_19f6a.jpg]
[images.squarespace-cdn.com/content/v1/5e8f5d9bae8f137fbc83492a/8f8f4ae9-b8d4-419a-9bf0-68feb3a07608/01_NAOMI_0379f6a.jpg]
[images.squarespace-cdn.com/content/v1/5e8f5d9bae8f137fbc83492a/1613456029035-9Y9S9ALBEIZE0D5DEF7Z/160328_ME_ESPN_MAGAZINE_LOOK01_1182r39f6a.jpg]
[themarcus.com/portfolio/team-rize.html]
[images.squarespace-cdn.com/content/5e8f5d9bae8f137fbc83492a/1613456029035-9Y9S9ALBEIZE0D5DEF7Z/160328_ME_ESPN_MAGAZINE_LOOK01_1182r343a3.jpg]
[images.squarespace-cdn.com/content/v1/5e8f5d9bae8f137fbc83492a/1590266536002-U41PN2DXL46LPMFR0WEI/160328_ME_ESPN_MAGAZINE_LOOK02_09689f6a.jpg]
[images.squarespace-cdn.com/content/v1/5e8f5d9bae8f137fbc83492a/1590266539705-8658EB62QUGWBXDFAGUS/160328_ME_ESPN_MAGAZINE_LOOK02_10169f6a.jpg]
[images.squarespace-cdn.com/content/v1/5e8f5d9bae8f137fbc83492a/1590266560865-QTXW3V343FZ3URNBPI53/160328_ME_ESPN_MAGAZINE_LOOK04_13489f6a.jpg]
[images.squarespace-cdn.com/content/v1/5e8f5d9bae8f137fbc83492a/1613456404795-6W8ME681SM58O3YV2U0B/160328_ME_ESPN_MAGAZINE_LOOK01_1182r3-19f6a.jpg]
[images.squarespace-cdn.com/content/v1/5e8f5d9bae8f137fbc83492a/1613456403147-CXIA50MVNS7DB501FF36/160328_ME_ESPN_MAGAZINE_LOOK01_07269f6a.jpg]
[images.squarespace-cdn.com/content/v1/5e8f5d9bae8f137fbc83492a/1613456402168-XPNNDQCP4EF3WGKSZXYT/160328_ME_ESPN_MAGAZINE_LOOK01_08649f6a.jpg]
[images.squarespace-cdn.com/content/v1/5e8f5d9bae8f137fbc83492a/1613456402729-0XU665S1XFUHOLXZDYBK/160328_ME_ESPN_MAGAZINE_LOOK01_01179f6a.jpg]
[themarcus.com/portfolio/_https_/player.vimeo.com/video/515045941.18fdbae.delayed]
[images.squarespace-cdn.com/content/v1/5e8f5d9bae8f137fbc83492a/1613281960578-GOZ4627UDVJ6HJ4PGT0W/ESPN_EmmaCoburn_01_1799f6a.jpg]
[themarcus.com/portfolio/jake-arrieta.html]
[images.squarespace-cdn.com/content/5e8f5d9bae8f137fbc83492a/1613281960578-GOZ4627UDVJ6HJ4PGT0W/ESPN_EmmaCoburn_01_17943a3.jpg]
[images.squarespace-cdn.com/content/v1/5e8f5d9bae8f137fbc83492a/1590265620771-SNDYC3ZBTBOHBQ9KG60N/ESPN_EmmaCoburn_02_0589f6a.jpg]
[images.squarespace-cdn.com/content/v1/5e8f5d9bae8f137fbc83492a/1590265620751-H73AJWTK4DXXCDCVIPIX/ESPN_EmmaCoburn_05_0029f6a.jpg]
[images.squarespace-cdn.com/content/v1/5e8f5d9bae8f137fbc83492a/1590265621020-CE5XIRUS05O3O9XL8H07/ESPN_EmmaCoburn_09_056_og9f6a.jpg]
[images.squarespace-cdn.com/content/v1/5e8f5d9bae8f137fbc83492a/1613457118451-DZ76PDOKPB4VDPD3EYMB/20170221_ESPN_SEAGER_03_0482_F9f6a.jpg]
[themarcus.com/portfolio/emma-coburn.html]
[images.squarespace-cdn.com/content/5e8f5d9bae8f137fbc83492a/1613457118451-DZ76PDOKPB4VDPD3EYMB/20170221_ESPN_SEAGER_03_0482_F43a3.jpg]
[images.squarespace-cdn.com/content/v1/5e8f5d9bae8f137fbc83492a/1590265152817-O4A98HJ6ASJ9GVV881I6/20170221_ESPN_SEAGER_02_0081_F9f6a.jpg]
[images.squarespace-cdn.com/content/v1/5e8f5d9bae8f137fbc83492a/1590265153172-WS4NT7CRE3SFIXHIN13X/20170221_ESPN_SEAGER_03_0432_F9f6a.jpg]
[images.squarespace-cdn.com/content/v1/5e8f5d9bae8f137fbc83492a/1590265150632-LHGK1ALAKSZTQ8BEQH9Q/20170221_ESPN_SEAGER_04_0509_F9f6a.jpg]
[images.squarespace-cdn.com/content/v1/5e8f5d9bae8f137fbc83492a/1590265147714-XJINHQFBTQQS7WU0FAAS/20170221_ESPN_SEAGER_05_0698_F9f6a.jpg]
[images.squarespace-cdn.com/content/v1/5e8f5d9bae8f137fbc83492a/1590265164013-0J88EAE6Y6ZUXD2N4EBK/20170221_ESPN_SEAGER_05_0811_F9f6a.jpg]
[images.squarespace-cdn.com/content/v1/5e8f5d9bae8f137fbc83492a/1590265161509-IB2I3SJMWR9A8RAR4RLR/20170221_ESPN_SEAGER_06_0863_F9f6a.jpg]
[images.squarespace-cdn.com/content/v1/5e8f5d9bae8f137fbc83492a/1613281663513-HODTVMV0DBMLUYGW78W5/1014_10_sportsnet_1016409f6a.jpg]
[themarcus.com/portfolio/corey-seager.html]
[images.squarespace-cdn.com/content/5e8f5d9bae8f137fbc83492a/1613281663513-HODTVMV0DBMLUYGW78W5/1014_10_sportsnet_10164043a3.jpg]
[images.squarespace-cdn.com/content/v1/5e8f5d9bae8f137fbc83492a/1590265545301-EKMD3S8IXO3LZ8QHC4XB/2014_10_sportsnet_101586_19f6a.jpg]
[images.squarespace-cdn.com/content/v1/5e8f5d9bae8f137fbc83492a/1590265544109-W8AH7GFNDJPI8O30083V/2014_10_sportsnet_101621_19f6a.jpg]
[images.squarespace-cdn.com/content/v1/5e8f5d9bae8f137fbc83492a/1590265545018-8C4XXNDLBILU1WB1L7HR/2014_10_sportsnet_1018009f6a.jpg]
[images.squarespace-cdn.com/content/v1/5e8f5d9bae8f137fbc83492a/1590265546392-VFJVKCP6JEM6FG4HZKRK/DEROZAN_101470_F_19f6a.jpg]
[images.squarespace-cdn.com/content/v1/5e8f5d9bae8f137fbc83492a/1613281634797-UAWUQUV3OO8A44Y2M0LU/2014_10_sportsnet_101326_Alt_29f6a.jpg]
[images.squarespace-cdn.com/content/v1/5e8f5d9bae8f137fbc83492a/1590266593191-LOTJDOMGYHHLYXG3VJPX/10_KAYLA_2770-2b9f6a.jpg]
[themarcus.com/portfolio/demar-derozan.html]
[images.squarespace-cdn.com/content/5e8f5d9bae8f137fbc83492a/1590266593191-LOTJDOMGYHHLYXG3VJPX/10_KAYLA_2770-2b43a3.jpg]
[images.squarespace-cdn.com/content/v1/5e8f5d9bae8f137fbc83492a/1590266626713-7OLHU2273F9X0MFPO3B6/10_KAYLA_2830-R19f6a.jpg]
[images.squarespace-cdn.com/content/v1/5e8f5d9bae8f137fbc83492a/1590266624867-PEN6IIFGXS33FLRWX65D/10_KAYLA_29449f6a.jpg]
[images.squarespace-cdn.com/content/v1/5e8f5d9bae8f137fbc83492a/1590266625715-AVIKVZ56SH07BWD47B77/10_KAYLA_34049f6a.jpg]
[images.squarespace-cdn.com/content/v1/5e8f5d9bae8f137fbc83492a/1613456724151-TGPE2FFHB5RCCPHG8I8M/MEA102006259f6a.jpg]
[themarcus.com/portfolio/kayla-kyle-moffat.html]
[images.squarespace-cdn.com/content/5e8f5d9bae8f137fbc83492a/1613456724151-TGPE2FFHB5RCCPHG8I8M/MEA1020062543a3.jpg]
[images.squarespace-cdn.com/content/v1/5e8f5d9bae8f137fbc83492a/1590268394438-QECYF1N0ELOFPF6PDGLN/_D4_2669-19f6a.jpg]
[images.squarespace-cdn.com/content/v1/5e8f5d9bae8f137fbc83492a/1590268395741-QWH45RYZ11O3OGQ423BY/_D4_3612-29f6a.jpg]
[images.squarespace-cdn.com/content/v1/5e8f5d9bae8f137fbc83492a/1590268412224-A98JT8DSJ9N04ZDLVXLN/MEA102006119f6a.jpg]
[images.squarespace-cdn.com/content/v1/5e8f5d9bae8f137fbc83492a/1590268406783-AK8ZVPUQJY41XK0CH2Q0/MEA102006159f6a.jpg]
[images.squarespace-cdn.com/content/v1/5e8f5d9bae8f137fbc83492a/1590268433973-V6QQMKMYB4N23ZX0W457/MEA102006179f6a.jpg]
[images.squarespace-cdn.com/content/v1/5e8f5d9bae8f137fbc83492a/1590268428635-S8C7GFLQPCEYCOBOSWU8/MEA102006189f6a.jpg]
[images.squarespace-cdn.com/content/v1/5e8f5d9bae8f137fbc83492a/1590268423211-4O2B3JEW7H6FENZA66UF/MEA102006199f6a.jpg]
[images.squarespace-cdn.com/content/v1/5e8f5d9bae8f137fbc83492a/1590268430771-KOTXVQ9S5GTBNC8RXDR8/MEA102006209f6a.jpg]
[images.squarespace-cdn.com/content/v1/5e8f5d9bae8f137fbc83492a/1590268432134-UO89O3FXMUP42ULVPGCQ/MEA102006279f6a.jpg]
[images.squarespace-cdn.com/content/v1/5e8f5d9bae8f137fbc83492a/1590268449018-GCU400D6C5SKFSRIBP3E/MEA102006299f6a.jpg]
[images.squarespace-cdn.com/content/v1/5e8f5d9bae8f137fbc83492a/1590268447640-DU99PV2XHUKQC0HYUX0I/MEA102006329f6a.jpg]
[images.squarespace-cdn.com/content/v1/5e8f5d9bae8f137fbc83492a/1590268449194-UN5SEKBG4PRXKC9ILBCS/MEA102006349f6a.jpg]
[images.squarespace-cdn.com/content/v1/5e8f5d9bae8f137fbc83492a/1614577825985-YVMMYWYGKLLZX54YNSZG/FB_EchoArena_Vertical9f6a.jpg]
[themarcus.com/portfolio/sang-jeong-lee.html]
[images.squarespace-cdn.com/content/5e8f5d9bae8f137fbc83492a/1614577825985-YVMMYWYGKLLZX54YNSZG/FB_EchoArena_Vertical43a3.jpg]
[images.squarespace-cdn.com/content/v1/5e8f5d9bae8f137fbc83492a/2cee9e3a-f4f9-41c1-b675-75db967b6f3e/BeatSaber_Horizontal9f6a.jpg]
[images.squarespace-cdn.com/content/v1/5e8f5d9bae8f137fbc83492a/97a743bd-dca1-4b53-aef6-840be01e936d/BeatSaber_Male9f6a.jpg]
[images.squarespace-cdn.com/content/v1/5e8f5d9bae8f137fbc83492a/832bb920-aa60-42d6-b723-05c982260ba6/Creed9f6a.jpg]
[images.squarespace-cdn.com/content/v1/5e8f5d9bae8f137fbc83492a/711ac041-6cb2-4562-9bfc-263fe97c946b/Dead&Buried29f6a.jpg]
[images.squarespace-cdn.com/content/v1/5e8f5d9bae8f137fbc83492a/41c9aaab-5dd4-4bdc-adb3-100bb9ae96a3/Moss9f6a.jpg]
[images.squarespace-cdn.com/content/v1/5e8f5d9bae8f137fbc83492a/5f90ba1b-13de-4054-8a18-ba1bba481c4d/Oculus-SUPERHOT9f6a.jpg]
[images.squarespace-cdn.com/content/v1/5e8f5d9bae8f137fbc83492a/3c66db45-2b85-4fa1-adbf-7416e35aa695/RoboRecall_Vertical9f6a.jpg]
[images.squarespace-cdn.com/content/v1/5e8f5d9bae8f137fbc83492a/19e7fb2b-88b2-4304-b68f-adada5f454c4/VaderImmortal_Horizontal9f6a.jpg]
[images.squarespace-cdn.com/content/v1/5e8f5d9bae8f137fbc83492a/9b7c66e9-af07-4151-b59c-5a7739e43e86/VaderImmortal_Vertical9f6a.jpg]
[images.squarespace-cdn.com/content/v1/5e8f5d9bae8f137fbc83492a/f2c03c07-79d7-418a-b0c1-b3ba7a96d3b8/FB_VaderImmortal_Vertical9f6a.jpg]
[images.squarespace-cdn.com/content/v1/5e8f5d9bae8f137fbc83492a/1614491181759-BAW3RNKZ677JOMUOE9MG/20171208_SS_03_0912_19f6a.jpg]
[themarcus.com/portfolio/oculus-quest.html]
[images.squarespace-cdn.com/content/5e8f5d9bae8f137fbc83492a/1614491181759-BAW3RNKZ677JOMUOE9MG/20171208_SS_03_0912_143a3.jpg]
[images.squarespace-cdn.com/content/v1/5e8f5d9bae8f137fbc83492a/1613262258636-CRLNIUCTOU6QOCDVWUHF/20171208_SS_04_10049f6a.jpg]
[images.squarespace-cdn.com/content/v1/5e8f5d9bae8f137fbc83492a/1613262263809-EAPKDRLMYEC81RLMS0BB/20171208_SS_03_0951_02_19f6a.jpg]
[images.squarespace-cdn.com/content/v1/5e8f5d9bae8f137fbc83492a/1613262260895-P1L2FYQXOO101BX2NBUL/20171208_SS_02_Method143_0709_2_19f6a.jpg]
[images.squarespace-cdn.com/content/v1/5e8f5d9bae8f137fbc83492a/1613262263487-5OYZTW1MLXE5C4ORJGHY/20171208_SS_01_0264_02_19f6a.jpg]
[images.squarespace-cdn.com/content/v1/5e8f5d9bae8f137fbc83492a/1613262260601-1BO3DQ2MIF1XTGSRG6WS/143_R2_05_19f6a.jpg]
[images.squarespace-cdn.com/content/v1/5e8f5d9bae8f137fbc83492a/1613262264817-6QC5LN31V0RXW8ABTL72/20171208_SS_02_Method143_0593_03_19f6a.jpg]
[images.squarespace-cdn.com/content/v1/5e8f5d9bae8f137fbc83492a/73fb2015-e8ba-4afa-9189-6c77b6ab61f1/20171208_SS_02_Method143_0669_03_19f6a.jpg]
[images.squarespace-cdn.com/content/v1/5e8f5d9bae8f137fbc83492a/1613278082139-BUV2TLWX83FLYRJ8S0IS/Wade_301-B9f6a.jpg]
[themarcus.com/portfolio/arch-motorcycle.html]
[images.squarespace-cdn.com/content/5e8f5d9bae8f137fbc83492a/1613278082139-BUV2TLWX83FLYRJ8S0IS/Wade_301-B43a3.jpg]
[images.squarespace-cdn.com/content/v1/5e8f5d9bae8f137fbc83492a/1613278136839-NC2PPPPRULL5U3D1WC7L/NSAJORG10021a06bFME-29f6a.jpg]
[assets.squarespace.com/universal/scripts-compressed/extract-css-runtime-3a6373900c35ffd1b4d97-min.en-US.js]
[images.squarespace-cdn.com/content/v1/5e8f5d9bae8f137fbc83492a/1613278134116-HKMPMJL3EGMYV8YQXJ4Q/Wade_2569f6a.jpg]
[images.squarespace-cdn.com/content/v1/5e8f5d9bae8f137fbc83492a/1613278138279-ICTMG0M4WG27UHRILZBA/Wade_267-Edit9f6a.jpg]
[images.squarespace-cdn.com/content/v1/5e8f5d9bae8f137fbc83492a/1613278137755-NG15FI60ZE3E80NLALBR/Wade_3499f6a.jpg]
[images.squarespace-cdn.com/content/v1/5e8f5d9bae8f137fbc83492a/1614480549269-YSFRDWBKR3T566FRBV38/20140210_Nike_FBAT14_RichardSherman_Gym_01333_R29f6a.jpg]
[themarcus.com/portfolio/dwyane-wade.html]
[images.squarespace-cdn.com/content/5e8f5d9bae8f137fbc83492a/1614480549269-YSFRDWBKR3T566FRBV38/20140210_Nike_FBAT14_RichardSherman_Gym_01333_R243a3.jpg]
[images.squarespace-cdn.com/content/v1/5e8f5d9bae8f137fbc83492a/377d6089-61cd-4af9-bb80-6cd92154db5f/20140210_Nike_FBAT14_RichardSherman_Gym_CF0358819f6a.jpg]
[images.squarespace-cdn.com/content/v1/5e8f5d9bae8f137fbc83492a/10a0a8cc-8232-4bc4-b44d-2bffb6a4b8ec/20140211_Nike_FBAT14_DeSeanJackson_Gym_014889f6a.jpg]
[images.squarespace-cdn.com/content/v1/5e8f5d9bae8f137fbc83492a/a849a36f-a8cb-4dcc-acc4-633339271479/20140211_Nike_FBAT14_DeSeanJackson_Gym_015229f6a.jpg]
[images.squarespace-cdn.com/content/v1/5e8f5d9bae8f137fbc83492a/4ff9bcd4-aa6e-41ae-98e2-60e59d45d012/20140210_Nike_FBAT14_RichardSherman_Gym_013029f6a.jpg]
[images.squarespace-cdn.com/content/v1/5e8f5d9bae8f137fbc83492a/1590260590074-C6PMAUOPL1WI2BYSFD8F/20170919_02_0114_r19f6a.jpg]
[themarcus.com/portfolio/nike-training.html]
[images.squarespace-cdn.com/content/5e8f5d9bae8f137fbc83492a/1590260590074-C6PMAUOPL1WI2BYSFD8F/20170919_02_0114_r143a3.jpg]
[images.squarespace-cdn.com/content/v1/5e8f5d9bae8f137fbc83492a/1590260658486-B6F75PYHKQJDIZW9776K/20170919_01_0041_r49f6a.jpg]
[images.squarespace-cdn.com/content/v1/5e8f5d9bae8f137fbc83492a/1590260659161-WRIVBBPXNQUS8ERS1Y62/20170919_01_0071_r59f6a.jpg]
[images.squarespace-cdn.com/content/v1/5e8f5d9bae8f137fbc83492a/1590260678184-31C5PR8FDFYHWL3HNY77/20170919_02_0206_r19f6a.jpg]
[images.squarespace-cdn.com/content/v1/5e8f5d9bae8f137fbc83492a/1590260831107-6FDBFIMJEU3SVHKMAJXQ/20170919_02_0427_r5_19f6a.jpg]
[images.squarespace-cdn.com/content/v1/5e8f5d9bae8f137fbc83492a/1613457254935-MG9GFBKJISKQ0Z95G4ZA/M8_Crossover_ME9f6a.jpg]
[themarcus.com/portfolio/aaron-judge.html]
[images.squarespace-cdn.com/content/5e8f5d9bae8f137fbc83492a/1613457254935-MG9GFBKJISKQ0Z95G4ZA/M8_Crossover_ME43a3.jpg]
[images.squarespace-cdn.com/content/v1/5e8f5d9bae8f137fbc83492a/1613286517871-THV745V7W5W50RM4OLAT/_E__9193-Edit9f6a.jpg]
[images.squarespace-cdn.com/content/v1/5e8f5d9bae8f137fbc83492a/1613286520455-U28OQHFXVVEMF13A0XVU/CA0269f6a.jpg]
[images.squarespace-cdn.com/content/v1/5e8f5d9bae8f137fbc83492a/1613286523054-G4X9GOUD1L5B3FZU7TQI/Picture+146-Edit9f6a.jpg]
[images.squarespace-cdn.com/content/v1/5e8f5d9bae8f137fbc83492a/1613286510789-6ER16BU9EX0WJIBF4VOZ/ME__9523-20209f6a.jpg]
[images.squarespace-cdn.com/content/v1/5e8f5d9bae8f137fbc83492a/1613286520333-BNJFTJYMZEIN7WPRJTUT/ME__91449f6a.jpg]
[images.squarespace-cdn.com/content/v1/5e8f5d9bae8f137fbc83492a/1613286526194-TWM2GP9KWBZLFR02UNGU/Melo+222-Edit9f6a.jpg]
[images.squarespace-cdn.com/content/v1/5e8f5d9bae8f137fbc83492a/1613286525709-7PUDJCXYK3SDBCU9E9EB/CA91599f6a.jpg]
[images.squarespace-cdn.com/content/v1/5e8f5d9bae8f137fbc83492a/1613286555334-3E4DMJ0W3C8O4D6XQVR7/melo_19f6a.jpg]
[images.squarespace-cdn.com/content/v1/5e8f5d9bae8f137fbc83492a/1613286555971-LGFSJ5DX3RWJOOFTAD5U/CA96019f6a.jpg]
[images.squarespace-cdn.com/content/v1/5e8f5d9bae8f137fbc83492a/1613286724206-ATEINGDK9JYQVNU4L4CE/LOTG-598-Edit-20209f6a.jpg]
[images.squarespace-cdn.com/content/v1/5e8f5d9bae8f137fbc83492a/1613457295692-IEU4C3HA6AO1XJG8AA86/CA93959f6a.jpg]
[images.squarespace-cdn.com/content/v1/5e8f5d9bae8f137fbc83492a/1614114630060-97IGY2CTBO5BJW21KR0V/NA_Baseball_Trout_MLB_Licensed_0081bw9f6a.jpg]
[themarcus.com/portfolio/carmelo-anthony.html]
[images.squarespace-cdn.com/content/5e8f5d9bae8f137fbc83492a/1614114630060-97IGY2CTBO5BJW21KR0V/NA_Baseball_Trout_MLB_Licensed_0081bw43a3.jpg]
[images.squarespace-cdn.com/content/v1/5e8f5d9bae8f137fbc83492a/1613322925649-UGBCU121CRFZO9O5WQYE/20140218_Nike_FBAT14_MikeTrout_Catch_08408_SK_R49f6a.jpg]
[images.squarespace-cdn.com/content/v1/5e8f5d9bae8f137fbc83492a/1613322921108-0IR4Q86HHYT1NZW36TW1/20140218_Nike_FBAT14_MikeTrout_Dugout_082089f6a.jpg]
[images.squarespace-cdn.com/content/v1/5e8f5d9bae8f137fbc83492a/1613322928217-IN28DEXDW3E0PDH99AE5/FA14_AT_BSBL_Trout_Vapor_07112_29f6a.jpg]
[images.squarespace-cdn.com/content/v1/5e8f5d9bae8f137fbc83492a/1613322927783-NNEK9TK4W4EWYBXTMD0Z/FA14_AT_BSBL_Trout_Vapor_07359_29f6a.jpg]
[images.squarespace-cdn.com/content/v1/5e8f5d9bae8f137fbc83492a/1613322925101-LDQX5XYCKG7N65TMK2ZK/FA14_AT_BSBL_Trout_Vapor_083029f6a.jpg]
[images.squarespace-cdn.com/content/v1/5e8f5d9bae8f137fbc83492a/1613323105630-K46QCICUTOXC54QTFC6B/20140218_Nike_FBAT14_MikeTrout_Locker_E2P34869f6a.jpg]
[images.squarespace-cdn.com/content/v1/5e8f5d9bae8f137fbc83492a/0263e51f-360e-462e-895c-9dbe62e7a0b3/FA14_AT_BSBL_Trout_Vapor_CF036839-v29f6a.jpg]
[themarcus.com/portfolio/_https_/player.vimeo.com/video/229229955.2024efa.delayed]
[images.squarespace-cdn.com/content/v1/5e8f5d9bae8f137fbc83492a/1613378975164-K3CWKW9KWY3T1ZXSHKQR/03_JAMES_7N_ACTION_WHTPB3W_0002_MEc9f6a.jpg]
[themarcus.com/portfolio/mike-trout.html]
[images.squarespace-cdn.com/content/5e8f5d9bae8f137fbc83492a/1613378975164-K3CWKW9KWY3T1ZXSHKQR/03_JAMES_7N_ACTION_WHTPB3W_0002_MEc43a3.jpg]
[images.squarespace-cdn.com/content/v1/5e8f5d9bae8f137fbc83492a/1613379119750-2R4I9V4PCGMSG130GZ5C/01_JAMES_7N_STANDING_BLKSW_00489f6a.jpg]
[images.squarespace-cdn.com/content/v1/5e8f5d9bae8f137fbc83492a/1613379121512-M3JFN1EZZ12IOBP54G16/03_JAMES_7N_ACTION_WHTPB3W_00109f6a.jpg]
[images.squarespace-cdn.com/content/v1/5e8f5d9bae8f137fbc83492a/1613379122843-WX5O4MOYJZC1RHUAZHEX/06_JAMES_7N_SEATED_WHTPB3W_0023+19f6a.jpg]
[images.squarespace-cdn.com/content/v1/5e8f5d9bae8f137fbc83492a/1613379121120-4NMBYDJZC30I1T2F8CQD/07_JAMES_7N_SEATED_GRYPB3_0045b9f6a.jpg]
[images.squarespace-cdn.com/content/v1/5e8f5d9bae8f137fbc83492a/1613379121795-RSE5XGFDZU6C1XS76BRU/05_JAMES_7N_CLOSEUP_BLKSW_0026b9f6a.jpg]
[images.squarespace-cdn.com/content/v1/5e8f5d9bae8f137fbc83492a/1613379122225-C1GF5SZL0H2VK0DULFXD/03_JAMES_7N_ACTION_WHTPB3W_0019+(1)9f6a.jpg]
[themarcus.com/portfolio/lebron-james.html]
[themarcus.com/_https_/player.vimeo.com/video/509671894f2f3.html]
[themarcus.com/portfolio/_https_/player.vimeo.com/video/509671894ae95.html]
[themarcus.com/_https_/player.vimeo.com/video/7355578491e56.html]
[themarcus.com/portfolio/_https_/player.vimeo.com/video/7355578495f83.html]
[themarcus.com/_https_/player.vimeo.com/video/735076857b160.html]
[themarcus.com/portfolio/_https_/player.vimeo.com/video/7350768578b64.html]
[themarcus.com/_https_/player.vimeo.com/video/5176908204299.html]
[themarcus.com/portfolio/_https_/player.vimeo.com/video/5176908200126.html]
[themarcus.com/_https_/player.vimeo.com/video/5092908847b5a.html]
[themarcus.com/portfolio/_https_/player.vimeo.com/video/509290884770f.html]
[themarcus.com/_https_/player.vimeo.com/video/513038364f06a.html]
[themarcus.com/portfolio/_https_/player.vimeo.com/video/513038364b441.html]
[themarcus.com/_https_/player.vimeo.com/video/515906699e47f.html]
[themarcus.com/portfolio/_https_/player.vimeo.com/video/515906699d8ee.html]
[themarcus.com/_https_/player.vimeo.com/video/42163897837b3.html]
[themarcus.com/portfolio/_https_/player.vimeo.com/video/421638978456b.html]
[themarcus.com/_https_/player.vimeo.com/video/5160016808501.html]
[themarcus.com/portfolio/_https_/player.vimeo.com/video/516001680796b.html]
[themarcus.com/_https_/player.vimeo.com/video/42199931628cb.html]
[themarcus.com/portfolio/_https_/player.vimeo.com/video/421999316496d.html]
[themarcus.com/_https_/player.vimeo.com/video/515045941e471.html]
[themarcus.com/portfolio/_https_/player.vimeo.com/video/515045941dbae.html]
[themarcus.com/_https_/player.vimeo.com/video/229229955fc9f.html]
[themarcus.com/portfolio/_https_/player.vimeo.com/video/2292299554efa.html]
